20:57:48 INFO  ParserApplication Starting ParserApplication using Java 19.0.1 with PID 66010 (/home/niq/springparser/target/classes started by niq in /home/niq/springparser)
20:57:48 INFO  ParserApplication No active profile set, falling back to 1 default profile: "default"
20:57:48 INFO  DevToolsPropertyDefaultsPostProcessor Devtools property defaults active! Set 'spring.devtools.add-properties' to 'false' to disable
20:57:48 INFO  DevToolsPropertyDefaultsPostProcessor For additional web related logging consider setting the 'logging.level.web' property to 'DEBUG'
20:57:48 INFO  TomcatWebServer Tomcat initialized with port(s): 8080 (http)
20:57:48 INFO  Http11NioProtocol Initializing ProtocolHandler ["http-nio-8080"]
20:57:48 INFO  StandardService Starting service [Tomcat]
20:57:48 INFO  StandardEngine Starting Servlet engine: [Apache Tomcat/10.1.4]
20:57:48 INFO  [/] Initializing Spring embedded WebApplicationContext
20:57:48 INFO  ServletWebServerApplicationContext Root WebApplicationContext: initialization completed in 416 ms
20:57:48 INFO  WelcomePageHandlerMapping Adding welcome page template: index
20:57:48 INFO  OptionalLiveReloadServer LiveReload server is running on port 35729
20:57:48 INFO  Http11NioProtocol Starting ProtocolHandler ["http-nio-8080"]
20:57:48 INFO  TomcatWebServer Tomcat started on port(s): 8080 (http) with context path ''
20:57:48 INFO  ParserApplication Started ParserApplication in 0.77 seconds (process running for 1.163)
20:58:02 INFO  [/] Initializing Spring DispatcherServlet 'dispatcherServlet'
20:58:02 INFO  DispatcherServlet Initializing Servlet 'dispatcherServlet'
20:58:02 INFO  DispatcherServlet Completed initialization in 0 ms
20:58:05 INFO   Starting detect from ОКБ.pdf
20:58:05 WARN  PDType1Font Using fallback font LiberationSans for base font Symbol
20:58:05 WARN  PDType1Font Using fallback font LiberationSans for base font ZapfDingbats
20:58:05 INFO   OKB DETECTED!
20:58:06 INFO   Parsing took 0.974020401s
